

. clear all

. set seed 100

. set obs 10000
Number of observations (_N) was 0, now 10,000.

. gen x = rnormal(0,1)

. gen y = rnormal(0,1)

. gen data1 = 1 / (1 + exp(2 - x - y))

. gen group = rbinomial(1, data1)

. reg y x 

      Source |       SS           df       MS      Number of obs   =    10,000
-------------+----------------------------------   F(1, 9998)      =      0.28
       Model |  .284496142         1  .284496142   Prob > F        =    0.5938
    Residual |  9999.04347     9,998  1.00010437   R-squared       =    0.0000
-------------+----------------------------------   Adj R-squared   =   -0.0001
       Total |  9999.32797     9,999   1.0000328   Root MSE        =    1.0001

------------------------------------------------------------------------------
           y | Coefficient  Std. err.      t    P>|t|     [95% conf. interval]
-------------+----------------------------------------------------------------
           x |  -.0053101    .009956    -0.53   0.594    -.0248259    .0142057
       _cons |   .0006182   .0100006     0.06   0.951    -.0189849    .0202213
------------------------------------------------------------------------------

. 
. 
end of do-file
