

. use files/cps1re74.dta, clear
(DW Subset of LaLonde Data)

. qui ebalance treat age black educ, targets(3)

. qui estpost tabstat age black educ [aweight = _webal], by(treat) c(s) s(me v 
> sk n) nototal

. esttab .        ,varwidth(20) cells("mean(fmt(3)) variance(fmt(3)) skewness(f
> mt(3)) count(fmt(0))") noobs  nonumber compress 

------------------------------------------------------------
                                                            
                          mean  variance  skewness     count
------------------------------------------------------------
0                                                           
age                     25.801    51.167     1.122     15992
black                    0.842     0.133    -1.877     15992
educ                    10.340     4.040    -0.712     15992
------------------------------------------------------------
1                                                           
age                     25.816    51.194     1.115       185
black                    0.843     0.133    -1.888       185
educ                    10.346     4.043    -0.721       185
------------------------------------------------------------

. 
end of do-file
