

. use files/mroz.dta , clear

. ivreg lwage (educ =fatheduc ) , first

First-stage regressions
-----------------------

      Source |       SS           df       MS      Number of obs   =       428
-------------+----------------------------------   F(1, 426)       =     88.84
       Model |  384.841983         1  384.841983   Prob > F        =    0.0000
    Residual |  1845.35428       426  4.33181756   R-squared       =    0.1726
-------------+----------------------------------   Adj R-squared   =    0.1706
       Total |  2230.19626       427  5.22294206   Root MSE        =    2.0813

------------------------------------------------------------------------------
        educ | Coefficient  Std. err.      t    P>|t|     [95% conf. interval]
-------------+----------------------------------------------------------------
    fatheduc |   .2694416   .0285863     9.43   0.000     .2132538    .3256295
       _cons |   10.23705   .2759363    37.10   0.000     9.694685    10.77942
------------------------------------------------------------------------------


Instrumental variables 2SLS regression

      Source |       SS           df       MS      Number of obs   =       428
-------------+----------------------------------   F(1, 426)       =      2.84
       Model |  20.8673618         1  20.8673618   Prob > F        =    0.0929
    Residual |  202.460089       426  .475258426   R-squared       =    0.0934
-------------+----------------------------------   Adj R-squared   =    0.0913
       Total |  223.327451       427  .523015108   Root MSE        =    .68939

------------------------------------------------------------------------------
       lwage | Coefficient  Std. err.      t    P>|t|     [95% conf. interval]
-------------+----------------------------------------------------------------
        educ |   .0591735   .0351418     1.68   0.093    -.0098994    .1282463
       _cons |   .4411035   .4461018     0.99   0.323    -.4357311    1.317938
------------------------------------------------------------------------------
Instrumented: educ
 Instruments: fatheduc

. 
end of do-file
