

. use files/cps1re74.dta, clear
(DW Subset of LaLonde Data)

. qui psmatch2 treat age black educ , kernel

. qui estpost tabstat age black educ [aweight = _weight], by(treat) c(s) s(me v
>  sk n) nototal

. esttab .        ,varwidth(20) cells("mean(fmt(3)) variance(fmt(3)) skewness(f
> mt(3)) count(fmt(0))") noobs  nonumber compress 

------------------------------------------------------------
                                                            
                          mean  variance  skewness     count
------------------------------------------------------------
0                                                           
age                     27.033    85.548     1.077     15992
black                    0.791     0.165    -1.434     15992
educ                    10.710     8.146    -0.883     15992
------------------------------------------------------------
1                                                           
age                     25.816    51.194     1.115       185
black                    0.843     0.133    -1.888       185
educ                    10.346     4.043    -0.721       185
------------------------------------------------------------

. 
end of do-file
