

. clear all

. set seed 100

. set obs 10000
Number of observations (_N) was 0, now 10,000.

. gen x = rnormal(0,1)

. gen y = rnormal(0,1)

. gen data1 = 1 / (1 + exp(2 - x - y))

. gen group = rbinomial(1, data1)

. reg y x if group ==1

      Source |       SS           df       MS      Number of obs   =     1,872
-------------+----------------------------------   F(1, 1870)      =     48.62
       Model |  40.9398907         1  40.9398907   Prob > F        =    0.0000
    Residual |  1574.57172     1,870  .842016963   R-squared       =    0.0253
-------------+----------------------------------   Adj R-squared   =    0.0248
       Total |  1615.51161     1,871  .863448215   Root MSE        =    .91761

------------------------------------------------------------------------------
           y | Coefficient  Std. err.      t    P>|t|     [95% conf. interval]
-------------+----------------------------------------------------------------
           x |  -.1579538   .0226526    -6.97   0.000    -.2023808   -.1135269
       _cons |   .7202285   .0257215    28.00   0.000     .6697827    .7706744
------------------------------------------------------------------------------

. 
. 
end of do-file
